2024-09-24 15:55:15,143 - INFO - Found 25 issues in YAML.
2024-09-24 15:55:15,143 - INFO - Processing issue 1/25: [IMPROVEMENT] Implement Environment Variables for API Keys and Sensitive Data
2024-09-24 15:55:15,538 - INFO - GitHub API rate limit: 4992/5000
2024-09-24 15:55:17,024 - INFO - Issue with title '[IMPROVEMENT] Implement Environment Variables for API Keys and Sensitive Data' already exists. Checking for updates.
2024-09-24 15:55:18,117 - INFO - Label 'enhancement' already exists. Skipping creation.
2024-09-24 15:55:18,658 - INFO - Milestone 'v1.0' already exists. Skipping creation.
2024-09-24 15:55:18,659 - INFO - Processing issue 2/25: [BUG] Fix login error
2024-09-24 15:55:19,131 - INFO - GitHub API rate limit: 4987/5000
2024-09-24 15:55:19,132 - INFO - Issue with title '[BUG] Fix login error' already exists. Checking for updates.
2024-09-24 15:55:19,133 - INFO - Label 'bug' already exists. Skipping creation.
2024-09-24 15:55:19,135 - INFO - Label 'critical' already exists. Skipping creation.
2024-09-24 15:55:19,136 - INFO - Milestone 'v1.1' already exists. Skipping creation.
2024-09-24 15:55:19,137 - INFO - Processing issue 3/25: [IMPROVEMENT] Improve Error Handling and Logging
2024-09-24 15:55:19,656 - INFO - GitHub API rate limit: 4987/5000
2024-09-24 15:55:19,656 - INFO - Issue with title '[IMPROVEMENT] Improve Error Handling and Logging' already exists. Checking for updates.
2024-09-24 15:55:19,657 - INFO - Label 'logging' already exists. Skipping creation.
2024-09-24 15:55:19,657 - INFO - Label 'error-handling' already exists. Skipping creation.
2024-09-24 15:55:19,658 - INFO - Label 'enhancement' already exists. Skipping creation.
2024-09-24 15:55:19,658 - INFO - Milestone 'Stability Improvement' already exists. Skipping creation.
2024-09-24 15:55:19,658 - INFO - Processing issue 4/25: [IMPROVEMENT] Expand Unit and Integration Test Coverage
2024-09-24 15:55:20,308 - INFO - GitHub API rate limit: 4987/5000
2024-09-24 15:55:20,309 - INFO - Issue with title '[IMPROVEMENT] Expand Unit and Integration Test Coverage' already exists. Checking for updates.
2024-09-24 15:55:20,310 - INFO - Label 'testing' already exists. Skipping creation.
2024-09-24 15:55:20,311 - INFO - Creating new label 'backend'.
2024-09-24 15:55:20,922 - INFO - Label 'backend' already exists according to the API. Skipping.
2024-09-24 15:55:20,922 - INFO - Updating labels for issue '[IMPROVEMENT] Expand Unit and Integration Test Coverage'.
2024-09-24 15:55:22,449 - INFO - Milestone 'Testing Improvement' already exists. Skipping creation.
2024-09-24 15:55:22,449 - INFO - Processing issue 5/25: [FEATURE] Add CLI Command for Database Management
2024-09-24 15:55:22,867 - INFO - GitHub API rate limit: 4985/5000
2024-09-24 15:55:22,868 - INFO - Issue with title '[FEATURE] Add CLI Command for Database Management' already exists. Checking for updates.
2024-09-24 15:55:22,869 - INFO - Creating new label 'feature'.
2024-09-24 15:55:23,635 - INFO - Label 'feature' already exists according to the API. Skipping.
2024-09-24 15:55:23,637 - INFO - Creating new label 'cli'.
2024-09-24 15:55:24,855 - INFO - Label 'cli' already exists according to the API. Skipping.
2024-09-24 15:55:24,857 - INFO - Creating new label 'database'.
2024-09-24 15:55:26,028 - INFO - Label 'database' already exists according to the API. Skipping.
2024-09-24 15:55:26,030 - INFO - Updating labels for issue '[FEATURE] Add CLI Command for Database Management'.
2024-09-24 15:55:27,445 - INFO - Milestone 'Database Management Features' already exists. Skipping creation.
2024-09-24 15:55:27,447 - INFO - Processing issue 6/25: [IMPROVEMENT] Set Up Continuous Integration (CI)
2024-09-24 15:55:27,827 - INFO - GitHub API rate limit: 4981/5000
2024-09-24 15:55:27,828 - INFO - Issue with title '[IMPROVEMENT] Set Up Continuous Integration (CI)' already exists. Checking for updates.
2024-09-24 15:55:27,828 - INFO - Creating new label 'ci/cd'.
2024-09-24 15:55:28,623 - INFO - Label 'ci/cd' already exists according to the API. Skipping.
2024-09-24 15:55:28,624 - INFO - Creating new label 'automation'.
2024-09-24 15:55:29,882 - INFO - Label 'automation' already exists according to the API. Skipping.
2024-09-24 15:55:29,883 - INFO - Updating labels for issue '[IMPROVEMENT] Set Up Continuous Integration (CI)'.
2024-09-24 15:55:31,399 - INFO - Milestone 'CI/CD Setup' already exists. Skipping creation.
2024-09-24 15:55:31,400 - INFO - Processing issue 7/25: [IMPROVEMENT] Refactor stock_data_fetcher.py for Reusability
2024-09-24 15:55:31,812 - INFO - GitHub API rate limit: 4978/5000
2024-09-24 15:55:31,812 - INFO - Issue with title '[IMPROVEMENT] Refactor stock_data_fetcher.py for Reusability' already exists. Checking for updates.
2024-09-24 15:55:31,812 - INFO - Label 'refactoring' already exists. Skipping creation.
2024-09-24 15:55:31,813 - INFO - Creating new label 'backend'.
2024-09-24 15:55:32,642 - INFO - Label 'backend' already exists according to the API. Skipping.
2024-09-24 15:55:32,644 - INFO - Label 'enhancement' already exists. Skipping creation.
2024-09-24 15:55:32,645 - INFO - Updating labels for issue '[IMPROVEMENT] Refactor stock_data_fetcher.py for Reusability'.
2024-09-24 15:55:34,263 - INFO - Milestone 'Code Refactoring' already exists. Skipping creation.
2024-09-24 15:55:34,265 - INFO - Processing issue 8/25: [FEATURE] Add Sentiment Analysis on Financial News
2024-09-24 15:55:34,762 - INFO - GitHub API rate limit: 4976/5000
2024-09-24 15:55:34,763 - INFO - Issue with title '[FEATURE] Add Sentiment Analysis on Financial News' already exists. Checking for updates.
2024-09-24 15:55:34,765 - INFO - Creating new label 'feature'.
2024-09-24 15:55:35,439 - INFO - Label 'feature' already exists according to the API. Skipping.
2024-09-24 15:55:35,441 - INFO - Label 'sentiment-analysis' already exists. Skipping creation.
2024-09-24 15:55:35,443 - INFO - Creating new label 'backend'.
2024-09-24 15:55:36,816 - INFO - Label 'backend' already exists according to the API. Skipping.
2024-09-24 15:55:36,818 - INFO - Updating labels for issue '[FEATURE] Add Sentiment Analysis on Financial News'.
2024-09-24 15:55:38,440 - INFO - Milestone 'Sentiment Analysis' already exists. Skipping creation.
2024-09-24 15:55:38,441 - INFO - Processing issue 9/25: [FEATURE] Improve Database Schema and Migrations
2024-09-24 15:55:38,864 - INFO - GitHub API rate limit: 4973/5000
2024-09-24 15:55:38,865 - INFO - Issue with title '[FEATURE] Improve Database Schema and Migrations' already exists. Checking for updates.
2024-09-24 15:55:38,866 - INFO - Creating new label 'database'.
2024-09-24 15:55:39,708 - INFO - Label 'database' already exists according to the API. Skipping.
2024-09-24 15:55:39,709 - INFO - Label 'migrations' already exists. Skipping creation.
2024-09-24 15:55:39,710 - INFO - Label 'enhancement' already exists. Skipping creation.
2024-09-24 15:55:39,710 - INFO - Updating labels for issue '[FEATURE] Improve Database Schema and Migrations'.
2024-09-24 15:55:41,400 - INFO - Milestone 'Database Optimization' already exists. Skipping creation.
2024-09-24 15:55:41,401 - INFO - Processing issue 10/25: [IMPROVEMENT] Implement Asynchronous Data Fetching
2024-09-24 15:55:41,805 - INFO - GitHub API rate limit: 4971/5000
2024-09-24 15:55:41,806 - INFO - Issue with title '[IMPROVEMENT] Implement Asynchronous Data Fetching' already exists. Checking for updates.
2024-09-24 15:55:41,806 - INFO - Creating new label 'performance'.
2024-09-24 15:55:42,605 - INFO - Label 'performance' already exists according to the API. Skipping.
2024-09-24 15:55:42,605 - INFO - Creating new label 'backend'.
2024-09-24 15:55:43,834 - INFO - Label 'backend' already exists according to the API. Skipping.
2024-09-24 15:55:43,835 - INFO - Label 'enhancement' already exists. Skipping creation.
2024-09-24 15:55:43,835 - INFO - Updating labels for issue '[IMPROVEMENT] Implement Asynchronous Data Fetching'.
2024-09-24 15:55:45,351 - INFO - Milestone 'Performance Improvement' already exists. Skipping creation.
2024-09-24 15:55:45,352 - INFO - Processing issue 11/25: [FEATURE] Automate Regular Data Fetching and Reporting
2024-09-24 15:55:45,890 - INFO - GitHub API rate limit: 4968/5000
2024-09-24 15:55:45,891 - INFO - Issue with title '[FEATURE] Automate Regular Data Fetching and Reporting' already exists. Checking for updates.
2024-09-24 15:55:45,891 - INFO - Creating new label 'automation'.
2024-09-24 15:55:46,578 - INFO - Label 'automation' already exists according to the API. Skipping.
2024-09-24 15:55:46,579 - INFO - Creating new label 'reporting'.
2024-09-24 15:55:47,798 - INFO - Label 'reporting' already exists according to the API. Skipping.
2024-09-24 15:55:47,799 - INFO - Creating new label 'backend'.
2024-09-24 15:55:48,985 - INFO - Label 'backend' already exists according to the API. Skipping.
2024-09-24 15:55:48,987 - INFO - Updating labels for issue '[FEATURE] Automate Regular Data Fetching and Reporting'.
2024-09-24 15:55:50,486 - INFO - Milestone 'Reporting Automation' already exists. Skipping creation.
2024-09-24 15:55:50,486 - INFO - Processing issue 12/25: [IMPROVEMENT] Optimize Docker Setup for Production and Development
2024-09-24 15:55:51,617 - INFO - GitHub API rate limit: 4964/5000
2024-09-24 15:55:51,619 - INFO - Issue with title '[IMPROVEMENT] Optimize Docker Setup for Production and Development' already exists. Checking for updates.
2024-09-24 15:55:51,620 - INFO - Creating new label 'docker'.
2024-09-24 15:55:52,201 - INFO - Label 'docker' already exists according to the API. Skipping.
2024-09-24 15:55:52,202 - INFO - Creating new label 'containerization'.
2024-09-24 15:55:53,405 - INFO - Label 'containerization' already exists according to the API. Skipping.
2024-09-24 15:55:53,405 - INFO - Label 'enhancement' already exists. Skipping creation.
2024-09-24 15:55:53,406 - INFO - Updating labels for issue '[IMPROVEMENT] Optimize Docker Setup for Production and Development'.
2024-09-24 15:55:54,894 - INFO - Milestone 'Container Optimization' already exists. Skipping creation.
2024-09-24 15:55:54,896 - INFO - Processing issue 13/25: [IMPROVEMENT] Implement API Rate Limiting and Caching
2024-09-24 15:55:55,335 - INFO - GitHub API rate limit: 4961/5000
2024-09-24 15:55:55,337 - INFO - Issue with title '[IMPROVEMENT] Implement API Rate Limiting and Caching' already exists. Checking for updates.
2024-09-24 15:55:55,339 - INFO - Label 'api' already exists. Skipping creation.
2024-09-24 15:55:55,340 - INFO - Creating new label 'performance'.
2024-09-24 15:55:56,125 - INFO - Label 'performance' already exists according to the API. Skipping.
2024-09-24 15:55:56,125 - INFO - Creating new label 'backend'.
2024-09-24 15:55:57,445 - INFO - Label 'backend' already exists according to the API. Skipping.
2024-09-24 15:55:57,446 - INFO - Updating labels for issue '[IMPROVEMENT] Implement API Rate Limiting and Caching'.
2024-09-24 15:55:59,079 - INFO - Milestone 'API Optimization' does not exist. Creating a new milestone.
2024-09-24 15:56:01,056 - INFO - Milestone 'API Optimization' created successfully.
2024-09-24 15:56:01,057 - INFO - Updating milestone for issue '[IMPROVEMENT] Implement API Rate Limiting and Caching'.
2024-09-24 15:56:02,600 - INFO - Processing issue 14/25: [IMPROVEMENT] Refactor Project to Use Clean Architecture
2024-09-24 15:56:03,060 - INFO - GitHub API rate limit: 4956/5000
2024-09-24 15:56:03,062 - INFO - Issue with title '[IMPROVEMENT] Refactor Project to Use Clean Architecture' already exists. Checking for updates.
2024-09-24 15:56:03,063 - INFO - Label 'architecture' already exists. Skipping creation.
2024-09-24 15:56:03,065 - INFO - Label 'refactoring' already exists. Skipping creation.
2024-09-24 15:56:03,067 - INFO - Milestone 'Architecture Refactor' does not exist. Creating a new milestone.
2024-09-24 15:56:03,829 - INFO - Milestone 'Architecture Refactor' created successfully.
2024-09-24 15:56:03,829 - INFO - Updating milestone for issue '[IMPROVEMENT] Refactor Project to Use Clean Architecture'.
2024-09-24 15:56:05,847 - INFO - Processing issue 15/25: [FEATURE] Implement Dependency Injection
2024-09-24 15:56:06,317 - INFO - GitHub API rate limit: 4954/5000
2024-09-24 15:56:06,318 - INFO - Issue with title '[FEATURE] Implement Dependency Injection' already exists. Checking for updates.
2024-09-24 15:56:06,318 - INFO - Label 'architecture' already exists. Skipping creation.
2024-09-24 15:56:06,319 - INFO - Creating new label 'backend'.
2024-09-24 15:56:07,051 - INFO - Label 'backend' already exists according to the API. Skipping.
2024-09-24 15:56:07,052 - INFO - Label 'enhancement' already exists. Skipping creation.
2024-09-24 15:56:07,052 - INFO - Updating labels for issue '[FEATURE] Implement Dependency Injection'.
2024-09-24 15:56:08,505 - INFO - Milestone 'Architecture Improvement' does not exist. Creating a new milestone.
2024-09-24 15:56:09,775 - INFO - Milestone 'Architecture Improvement' created successfully.
2024-09-24 15:56:09,776 - INFO - Updating milestone for issue '[FEATURE] Implement Dependency Injection'.
2024-09-24 15:56:11,491 - INFO - Processing issue 16/25: [FEATURE] Implement Service Layer for Stock and News Data
2024-09-24 15:56:11,985 - INFO - GitHub API rate limit: 4950/5000
2024-09-24 15:56:11,986 - INFO - Issue with title '[FEATURE] Implement Service Layer for Stock and News Data' already exists. Checking for updates.
2024-09-24 15:56:11,986 - INFO - Creating new label 'feature'.
2024-09-24 15:56:12,727 - INFO - Label 'feature' already exists according to the API. Skipping.
2024-09-24 15:56:12,728 - INFO - Creating new label 'backend'.
2024-09-24 15:56:13,932 - INFO - Label 'backend' already exists according to the API. Skipping.
2024-09-24 15:56:13,933 - INFO - Label 'service' already exists. Skipping creation.
2024-09-24 15:56:13,934 - INFO - Updating labels for issue '[FEATURE] Implement Service Layer for Stock and News Data'.
2024-09-24 15:56:15,323 - INFO - Milestone 'Service Layer Implementation' does not exist. Creating a new milestone.
2024-09-24 15:56:16,690 - INFO - Milestone 'Service Layer Implementation' created successfully.
2024-09-24 15:56:16,692 - INFO - Updating milestone for issue '[FEATURE] Implement Service Layer for Stock and News Data'.
2024-09-24 15:56:18,301 - INFO - Processing issue 17/25: [FEATURE] Implement Command Pattern for CLI
2024-09-24 15:56:18,705 - INFO - GitHub API rate limit: 4945/5000
2024-09-24 15:56:18,706 - INFO - Issue with title '[FEATURE] Implement Command Pattern for CLI' already exists. Checking for updates.
2024-09-24 15:56:18,706 - INFO - Creating new label 'cli'.
2024-09-24 15:56:19,484 - INFO - Label 'cli' already exists according to the API. Skipping.
2024-09-24 15:56:19,484 - INFO - Label 'architecture' already exists. Skipping creation.
2024-09-24 15:56:19,485 - INFO - Label 'enhancement' already exists. Skipping creation.
2024-09-24 15:56:19,485 - INFO - Updating labels for issue '[FEATURE] Implement Command Pattern for CLI'.
2024-09-24 15:56:20,921 - INFO - Milestone 'CLI Refactor' does not exist. Creating a new milestone.
2024-09-24 15:56:22,236 - INFO - Milestone 'CLI Refactor' created successfully.
2024-09-24 15:56:22,236 - INFO - Updating milestone for issue '[FEATURE] Implement Command Pattern for CLI'.
2024-09-24 15:56:23,941 - INFO - Processing issue 18/25: [IMPROVEMENT] Implement Asynchronous API Calls
2024-09-24 15:56:24,525 - INFO - GitHub API rate limit: 4941/5000
2024-09-24 15:56:24,526 - INFO - Issue with title '[IMPROVEMENT] Implement Asynchronous API Calls' already exists. Checking for updates.
2024-09-24 15:56:24,527 - INFO - Creating new label 'performance'.
2024-09-24 15:56:25,476 - INFO - Label 'performance' already exists according to the API. Skipping.
2024-09-24 15:56:25,477 - INFO - Creating new label 'async'.
2024-09-24 15:56:26,795 - INFO - Label 'async' already exists according to the API. Skipping.
2024-09-24 15:56:26,798 - INFO - Creating new label 'backend'.
2024-09-24 15:56:28,026 - INFO - Label 'backend' already exists according to the API. Skipping.
2024-09-24 15:56:28,028 - INFO - Updating labels for issue '[IMPROVEMENT] Implement Asynchronous API Calls'.
2024-09-24 15:56:29,475 - INFO - Milestone 'Performance Improvement' already exists. Skipping creation.
2024-09-24 15:56:29,475 - INFO - Updating milestone for issue '[IMPROVEMENT] Implement Asynchronous API Calls'.
2024-09-24 15:56:31,092 - INFO - Processing issue 19/25: [FEATURE] Implement Caching Layer for API Calls
2024-09-24 15:56:31,499 - INFO - GitHub API rate limit: 4936/5000
2024-09-24 15:56:31,499 - INFO - Issue with title '[FEATURE] Implement Caching Layer for API Calls' already exists. Checking for updates.
2024-09-24 15:56:31,500 - INFO - Creating new label 'performance'.
2024-09-24 15:56:32,359 - INFO - Label 'performance' already exists according to the API. Skipping.
2024-09-24 15:56:32,360 - INFO - Label 'api' already exists. Skipping creation.
2024-09-24 15:56:32,360 - INFO - Creating new label 'backend'.
2024-09-24 15:56:33,587 - INFO - Label 'backend' already exists according to the API. Skipping.
2024-09-24 15:56:33,588 - INFO - Updating labels for issue '[FEATURE] Implement Caching Layer for API Calls'.
2024-09-24 15:56:35,070 - INFO - Milestone 'Caching Implementation' does not exist. Creating a new milestone.
2024-09-24 15:56:36,265 - INFO - Milestone 'Caching Implementation' created successfully.
2024-09-24 15:56:36,267 - INFO - Updating milestone for issue '[FEATURE] Implement Caching Layer for API Calls'.
2024-09-24 15:56:37,805 - INFO - Processing issue 20/25: [IMPROVEMENT] Improve Error Handling and Logging
2024-09-24 15:56:38,187 - INFO - GitHub API rate limit: 4931/5000
2024-09-24 15:56:38,187 - INFO - Issue with title '[IMPROVEMENT] Improve Error Handling and Logging' already exists. Checking for updates.
2024-09-24 15:56:38,188 - INFO - Label 'logging' already exists. Skipping creation.
2024-09-24 15:56:38,188 - INFO - Label 'error-handling' already exists. Skipping creation.
2024-09-24 15:56:38,189 - INFO - Creating new label 'backend'.
2024-09-24 15:56:39,052 - INFO - Label 'backend' already exists according to the API. Skipping.
2024-09-24 15:56:39,053 - INFO - Updating labels for issue '[IMPROVEMENT] Improve Error Handling and Logging'.
2024-09-24 15:56:40,608 - INFO - Milestone 'Stability Improvement' already exists. Skipping creation.
2024-09-24 15:56:40,609 - INFO - Processing issue 21/25: [FEATURE] Add Database Management CLI Commands
2024-09-24 15:56:41,062 - INFO - GitHub API rate limit: 4929/5000
2024-09-24 15:56:41,063 - INFO - Issue with title '[FEATURE] Add Database Management CLI Commands' already exists. Checking for updates.
2024-09-24 15:56:41,063 - INFO - Creating new label 'cli'.
2024-09-24 15:56:41,903 - INFO - Label 'cli' already exists according to the API. Skipping.
2024-09-24 15:56:41,903 - INFO - Creating new label 'database'.
2024-09-24 15:56:43,330 - INFO - Label 'database' already exists according to the API. Skipping.
2024-09-24 15:56:43,331 - INFO - Label 'enhancement' already exists. Skipping creation.
2024-09-24 15:56:43,332 - INFO - Updating labels for issue '[FEATURE] Add Database Management CLI Commands'.
2024-09-24 15:56:45,121 - INFO - Milestone 'Database Management' does not exist. Creating a new milestone.
2024-09-24 15:56:46,356 - INFO - Milestone 'Database Management' created successfully.
2024-09-24 15:56:46,358 - INFO - Updating milestone for issue '[FEATURE] Add Database Management CLI Commands'.
2024-09-24 15:56:48,396 - INFO - Processing issue 22/25: [IMPROVEMENT] Use Repository Pattern for Data Access
2024-09-24 15:56:48,811 - INFO - GitHub API rate limit: 4924/5000
2024-09-24 15:56:48,812 - INFO - Issue with title '[IMPROVEMENT] Use Repository Pattern for Data Access' already exists. Checking for updates.
2024-09-24 15:56:48,812 - INFO - Label 'refactoring' already exists. Skipping creation.
2024-09-24 15:56:48,813 - INFO - Creating new label 'backend'.
2024-09-24 15:56:49,855 - INFO - Label 'backend' already exists according to the API. Skipping.
2024-09-24 15:56:49,855 - INFO - Label 'architecture' already exists. Skipping creation.
2024-09-24 15:56:49,856 - INFO - Updating labels for issue '[IMPROVEMENT] Use Repository Pattern for Data Access'.
2024-09-24 15:56:51,462 - INFO - Milestone 'Code Refactoring' already exists. Skipping creation.
2024-09-24 15:56:51,462 - INFO - Updating milestone for issue '[IMPROVEMENT] Use Repository Pattern for Data Access'.
2024-09-24 15:56:53,138 - INFO - Processing issue 23/25: [FEATURE] Automate Stock and News Data Fetching with Scheduler
2024-09-24 15:56:53,626 - INFO - GitHub API rate limit: 4921/5000
2024-09-24 15:56:53,626 - INFO - Issue with title '[FEATURE] Automate Stock and News Data Fetching with Scheduler' already exists. Checking for updates.
2024-09-24 15:56:53,626 - INFO - Creating new label 'automation'.
2024-09-24 15:56:54,435 - INFO - Label 'automation' already exists according to the API. Skipping.
2024-09-24 15:56:54,437 - INFO - Creating new label 'feature'.
2024-09-24 15:56:55,743 - INFO - Label 'feature' already exists according to the API. Skipping.
2024-09-24 15:56:55,744 - INFO - Creating new label 'backend'.
2024-09-24 15:56:57,139 - INFO - Label 'backend' already exists according to the API. Skipping.
2024-09-24 15:56:57,140 - INFO - Updating labels for issue '[FEATURE] Automate Stock and News Data Fetching with Scheduler'.
2024-09-24 15:56:58,645 - INFO - Milestone 'Automation Features' does not exist. Creating a new milestone.
2024-09-24 15:56:59,947 - INFO - Milestone 'Automation Features' created successfully.
2024-09-24 15:56:59,948 - INFO - Updating milestone for issue '[FEATURE] Automate Stock and News Data Fetching with Scheduler'.
2024-09-24 15:57:01,507 - INFO - Processing issue 24/25: [IMPROVEMENT] Optimize Docker Setup for Development and Production
2024-09-24 15:57:01,932 - INFO - GitHub API rate limit: 4915/5000
2024-09-24 15:57:01,933 - INFO - Issue with title '[IMPROVEMENT] Optimize Docker Setup for Development and Production' already exists. Checking for updates.
2024-09-24 15:57:01,933 - INFO - Creating new label 'docker'.
2024-09-24 15:57:02,759 - INFO - Label 'docker' already exists according to the API. Skipping.
2024-09-24 15:57:02,760 - INFO - Creating new label 'containerization'.
2024-09-24 15:57:03,992 - INFO - Label 'containerization' already exists according to the API. Skipping.
2024-09-24 15:57:03,993 - INFO - Creating new label 'backend'.
2024-09-24 15:57:05,240 - INFO - Label 'backend' already exists according to the API. Skipping.
2024-09-24 15:57:05,241 - INFO - Updating labels for issue '[IMPROVEMENT] Optimize Docker Setup for Development and Production'.
2024-09-24 15:57:06,695 - INFO - Milestone 'Containerization Improvement' does not exist. Creating a new milestone.
2024-09-24 15:57:07,965 - INFO - Milestone 'Containerization Improvement' created successfully.
2024-09-24 15:57:07,966 - INFO - Updating milestone for issue '[IMPROVEMENT] Optimize Docker Setup for Development and Production'.
2024-09-24 15:57:09,755 - INFO - Processing issue 25/25: [FEATURE] Add Database Migrations with Alembic
2024-09-24 15:57:10,311 - INFO - GitHub API rate limit: 4909/5000
2024-09-24 15:57:10,311 - INFO - Issue with title '[FEATURE] Add Database Migrations with Alembic' already exists. Checking for updates.
2024-09-24 15:57:10,312 - INFO - Creating new label 'database'.
2024-09-24 15:57:11,102 - INFO - Label 'database' already exists according to the API. Skipping.
2024-09-24 15:57:11,103 - INFO - Label 'migrations' already exists. Skipping creation.
2024-09-24 15:57:11,105 - INFO - Label 'enhancement' already exists. Skipping creation.
2024-09-24 15:57:11,106 - INFO - Updating labels for issue '[FEATURE] Add Database Migrations with Alembic'.
2024-09-24 15:57:12,624 - INFO - Milestone 'Database Management' already exists. Skipping creation.
2024-09-24 15:57:12,624 - INFO - Updating milestone for issue '[FEATURE] Add Database Migrations with Alembic'.
2024-09-24 15:57:14,316 - INFO - Processing complete. Created: 0, Updated: 25, Skipped: 0, Failed: 0
